<tr>
<td>fla-barthel-220-1.cnf</td>
<td>220</td>
<td>946</td>
<td>4806</td>
<td>1.38493</td>
<td>90065664</td>
</tr>
<tr>
<td>fla-barthel-260-5.cnf</td>
<td>260</td>
<td>1118</td>
<td>36644</td>
<td>76.77</td>
<td>2001669162496</td>
</tr>
<tr>
<td>fla-barthel-220-1.cnf</td>
<td>220</td>
<td>946</td>
<td>4806</td>
<td>1.3245</td>
<td>90065664</td>
</tr>
<tr>
<td>fla-barthel-220-1.cnf</td>
<td>220</td>
<td>946</td>
<td>4806</td>
<td>1.25324</td>
<td>90065664</td>
</tr>
<tr>
<td>fla-barthel-260-5.cnf</td>
<td>260</td>
<td>1118</td>
<td>36644</td>
<td>67.0741</td>
<td>2001669162496</td>
</tr>
<tr>
<td>fla-barthel-220-1.cnf</td>
<td>220</td>
<td>946</td>
<td>4806</td>
<td>1.39682</td>
<td>90065664</td>
</tr>
<tr>
<td>fla-barthel-260-5.cnf</td>
<td>260</td>
<td>1118</td>
<td>36644</td>
<td>69.3199</td>
<td>2001669162496</td>
</tr>
<tr>
<td>fla-komb-220-3.cnf</td>
<td>220</td>
<td>1145</td>
<td>911</td>
<td>0.175802</td>
<td>384</td>
</tr>
<tr>
<td>fla-komb-280-1.cnf</td>
<td>280</td>
<td>1457</td>
<td>5431</td>
<td>1.45247</td>
<td>288</td>
</tr>
<tr>
<td>fla-qhid-240-5.cnf</td>
<td>240</td>
<td>1320</td>
<td>375091</td>
<td>2.58776</td>
<td>56233414031078</td>
</tr>
<tr>
<td>fla-qhid-300-1.cnf</td>
<td>300</td>
<td>1650</td>
<td>9973</td>
<td>5.0704</td>
<td>512</td>
</tr>
<tr>
<td>fla-barthel-220-1.cnf</td>
<td>220</td>
<td>946</td>
<td>4806</td>
<td>1.53018</td>
<td>90065664</td>
</tr>
<tr>
<td>fla-barthel-260-5.cnf</td>
<td>260</td>
<td>1118</td>
<td>36644</td>
<td>110.822</td>
<td>2001669162496</td>
</tr>
<tr>
<td>fla-komb-220-3.cnf</td>
<td>220</td>
<td>1145</td>
<td>911</td>
<td>0.259137</td>
<td>384</td>
</tr>
<tr>
<td>fla-komb-280-1.cnf</td>
<td>280</td>
<td>1457</td>
<td>5431</td>
<td>3.43243</td>
<td>288</td>
</tr>
<tr>
<td>fla-qhid-240-5.cnf</td>
<td>240</td>
<td>1320</td>
<td>375091</td>
<td>3.74548</td>
<td>56233414031078</td>
</tr>
<tr>
<td>fla-qhid-300-1.cnf</td>
<td>300</td>
<td>1650</td>
<td>9973</td>
<td>9.41325</td>
<td>512</td>
</tr>
