<tr>
<td>myFile2.cnf</td>
<td>3</td>
<td>3</td>
<td>2</td>
<td>0.002219</td>
<td>4</td>
</tr>
<tr>
<td>inputFile-2.txt</td>
<td>220</td>
<td>965</td>
<td>4252</td>
<td>0.932224</td>
<td>16032</td>
</tr>
<tr>
<td>myFile2.cnf</td>
<td>3</td>
<td>3</td>
<td>2</td>
<td>0.010754</td>
<td>4</td>
</tr>
<tr>
<td>myFile.cnf</td>
<td>10</td>
<td>1</td>
<td>1</td>
<td>0.011337</td>
<td>768</td>
</tr>
<tr>
<td>cnf-emb-h-example-g-example.cnf</td>
<td>25</td>
<td>153</td>
<td>11</td>
<td>0.003866</td>
<td>2</td>
</tr>
<tr>
<td>cnf-hom-h-example-g-k-5.cnf</td>
<td>25</td>
<td>67</td>
<td>29</td>
<td>0.003164</td>
<td>2075</td>
</tr>
<tr>
<td>cnf-emb-h-example-g-example.cnf</td>
<td>25</td>
<td>153</td>
<td>11</td>
<td>0.003317</td>
<td>2</td>
</tr>
<tr>
<td>cnf-hom-h-example-g-k-5.cnf</td>
<td>25</td>
<td>67</td>
<td>29</td>
<td>0.002785</td>
<td>2075</td>
</tr>
<tr>
<td>cnf-emb-h-example-g-example.cnf</td>
<td>25</td>
<td>153</td>
<td>11</td>
<td>0.003514</td>
<td>2</td>
</tr>
<tr>
<td>cnf-hom-h-example-g-k-5.cnf</td>
<td>25</td>
<td>67</td>
<td>29</td>
<td>0.002198</td>
<td>2075</td>
</tr>
<tr>
<td>cnf-emb-h-example-g-example.cnf</td>
<td>25</td>
<td>153</td>
<td>11</td>
<td>0.002698</td>
<td>2</td>
</tr>
<tr>
<td>cnf-hom-h-example-g-k-5.cnf</td>
<td>25</td>
<td>67</td>
<td>29</td>
<td>0.002063</td>
<td>2075</td>
</tr>
<tr>
<td>cnf-emb-h-example-g-example.cnf</td>
<td>25</td>
<td>153</td>
<td>11</td>
<td>0.002317</td>
<td>2</td>
</tr>
<tr>
<td>cnf-hom-h-example-g-k-5.cnf</td>
<td>25</td>
<td>67</td>
<td>29</td>
<td>0.002001</td>
<td>2075</td>
</tr>
<tr>
<td>cnf-emb-h-example-g-example.cnf</td>
<td>25</td>
<td>153</td>
<td>11</td>
<td>0.004455</td>
<td>2</td>
</tr>
<tr>
<td>cnf-hom-h-example-g-k-5.cnf</td>
<td>25</td>
<td>67</td>
<td>29</td>
<td>0.00217</td>
<td>2075</td>
</tr>
<tr>
<td>cnf-emb-h-example-g-example.cnf</td>
<td>25</td>
<td>153</td>
<td>11</td>
<td>0.002106</td>
<td>2</td>
</tr>
<tr>
<td>cnf-hom-h-example-g-paley-9.cnf</td>
<td>45</td>
<td>413</td>
<td>321</td>
<td>0.00333</td>
<td>2059</td>
</tr>
<tr>
<td>cnf-hom-h-example-g-k-5.cnf</td>
<td>25</td>
<td>67</td>
<td>29</td>
<td>0.013338</td>
<td>2075</td>
</tr>
<tr>
<td>cnf-emb-h-k3-g-example.cnf</td>
<td>15</td>
<td>72</td>
<td>12</td>
<td>0.002365</td>
<td>6</td>
</tr>
<tr>
<td>cnf-emb-h-cycle5-g-paley-101.cnf</td>
<td>505</td>
<td>51515</td>
<td>24319194</td>
<td>493.515</td>
<td>282643450</td>
</tr>
<tr>
<td>cnf-emb-h-k3-g-k3.cnf</td>
<td>9</td>
<td>21</td>
<td>5</td>
<td>0.002565</td>
<td>6</td>
</tr>
<tr>
<td>cnf-hom-h-k3-g-paley-13.cnf</td>
<td>39</td>
<td>477</td>
<td>240</td>
<td>0.01527</td>
<td>385</td>
</tr>
<tr>
<td>cnf-emb-h-example-g-example.cnf</td>
<td>25</td>
<td>153</td>
<td>11</td>
<td>0.003529</td>
<td>2</td>
</tr>
<tr>
<td>cnf-emb-h-example-g-example.cnf</td>
<td>25</td>
<td>153</td>
<td>11</td>
<td>0.002402</td>
<td>2</td>
</tr>
<tr>
<td>cnf-hom-h-example-g-k-5.cnf</td>
<td>25</td>
<td>67</td>
<td>29</td>
<td>0.002183</td>
<td>2075</td>
</tr>
<tr>
<td>cnf-emb-h-square-g-square.cnf</td>
<td>16</td>
<td>68</td>
<td>7</td>
<td>0.002019</td>
<td>8</td>
</tr>
<tr>
<td>cnf-emb-h-square-g-square.cnf</td>
<td>16</td>
<td>68</td>
<td>7</td>
<td>0.002552</td>
<td>8</td>
</tr>
<tr>
<td>cnf-hom-h-square-g-k-5.cnf</td>
<td>20</td>
<td>52</td>
<td>22</td>
<td>0.002789</td>
<td>467</td>
</tr>
<tr>
<td>cnf-emb-h-k3-g-k3.cnf</td>
<td>9</td>
<td>21</td>
<td>5</td>
<td>0.001922</td>
<td>6</td>
</tr>
<tr>
<td>cnf-emb-h-k3-g-k3.cnf</td>
<td>9</td>
<td>21</td>
<td>5</td>
<td>0.002397</td>
<td>6</td>
</tr>
<tr>
<td>cnf-hom-h-k3-g-k-5.cnf</td>
<td>15</td>
<td>39</td>
<td>14</td>
<td>0.003058</td>
<td>101</td>
</tr>
<tr>
<td>cnf-emb-h-example-g-example.cnf</td>
<td>25</td>
<td>153</td>
<td>11</td>
<td>0.003974</td>
<td>2</td>
</tr>
<tr>
<td>cnf-emb-h-example-g-example.cnf</td>
<td>25</td>
<td>153</td>
<td>11</td>
<td>0.002341</td>
<td>2</td>
</tr>
<tr>
<td>cnf-hom-h-example-g-k-6.cnf</td>
<td>30</td>
<td>92</td>
<td>34</td>
<td>0.0028</td>
<td>5834</td>
</tr>
<tr>
<td>cnf-emb-h-square-g-square.cnf</td>
<td>16</td>
<td>68</td>
<td>7</td>
<td>0.002554</td>
<td>8</td>
</tr>
<tr>
<td>cnf-emb-h-square-g-square.cnf</td>
<td>16</td>
<td>68</td>
<td>7</td>
<td>0.004737</td>
<td>8</td>
</tr>
<tr>
<td>cnf-hom-h-square-g-k-6.cnf</td>
<td>24</td>
<td>72</td>
<td>26</td>
<td>0.00467</td>
<td>1058</td>
</tr>
<tr>
<td>cnf-emb-h-k3-g-k3.cnf</td>
<td>9</td>
<td>21</td>
<td>5</td>
<td>0.002416</td>
<td>6</td>
</tr>
<tr>
<td>cnf-emb-h-k3-g-k3.cnf</td>
<td>9</td>
<td>21</td>
<td>5</td>
<td>0.003689</td>
<td>6</td>
</tr>
<tr>
<td>cnf-hom-h-k3-g-k-6.cnf</td>
<td>18</td>
<td>54</td>
<td>17</td>
<td>0.005201</td>
<td>186</td>
</tr>
<tr>
<td>cnf-emb-h-example-g-example.cnf</td>
<td>25</td>
<td>153</td>
<td>11</td>
<td>0.002135</td>
<td>2</td>
</tr>
<tr>
<td>cnf-emb-h-example-g-example.cnf</td>
<td>25</td>
<td>153</td>
<td>11</td>
<td>0.002598</td>
<td>2</td>
</tr>
<tr>
<td>cnf-hom-h-example-g-k-3.cnf</td>
<td>15</td>
<td>32</td>
<td>19</td>
<td>0.002655</td>
<td>77</td>
</tr>
<tr>
<td>cnf-emb-h-square-g-square.cnf</td>
<td>16</td>
<td>68</td>
<td>7</td>
<td>0.002509</td>
<td>8</td>
</tr>
<tr>
<td>cnf-emb-h-square-g-square.cnf</td>
<td>16</td>
<td>68</td>
<td>7</td>
<td>0.002206</td>
<td>8</td>
</tr>
<tr>
<td>cnf-hom-h-square-g-k-3.cnf</td>
<td>12</td>
<td>24</td>
<td>14</td>
<td>0.003128</td>
<td>35</td>
</tr>
<tr>
<td>cnf-emb-h-k3-g-k3.cnf</td>
<td>9</td>
<td>21</td>
<td>5</td>
<td>0.003045</td>
<td>6</td>
</tr>
<tr>
<td>cnf-emb-h-k3-g-k3.cnf</td>
<td>9</td>
<td>21</td>
<td>5</td>
<td>0.004306</td>
<td>6</td>
</tr>
<tr>
<td>cnf-hom-h-k3-g-k-3.cnf</td>
<td>9</td>
<td>18</td>
<td>8</td>
<td>0.011682</td>
<td>15</td>
</tr>
<tr>
<td>cnf-emb-h-example-g-example.cnf</td>
<td>25</td>
<td>153</td>
<td>11</td>
<td>0.009613</td>
<td>2</td>
</tr>
<tr>
<td>cnf-emb-h-example-g-example.cnf</td>
<td>25</td>
<td>153</td>
<td>11</td>
<td>0.002616</td>
<td>2</td>
</tr>
<tr>
<td>cnf-hom-h-example-g-k-2.cnf</td>
<td>10</td>
<td>22</td>
<td>1</td>
<td>0.005771</td>
<td>2</td>
</tr>
<tr>
<td>cnf-emb-h-square-g-square.cnf</td>
<td>16</td>
<td>68</td>
<td>7</td>
<td>0.002638</td>
<td>8</td>
</tr>
<tr>
<td>cnf-emb-h-square-g-square.cnf</td>
<td>16</td>
<td>68</td>
<td>7</td>
<td>0.002618</td>
<td>8</td>
</tr>
<tr>
<td>cnf-hom-h-square-g-k-2.cnf</td>
<td>8</td>
<td>16</td>
<td>1</td>
<td>0.00203</td>
<td>2</td>
</tr>
<tr>
<td>cnf-emb-h-k3-g-k3.cnf</td>
<td>9</td>
<td>21</td>
<td>5</td>
<td>0.002542</td>
<td>6</td>
</tr>
<tr>
<td>cnf-emb-h-k3-g-k3.cnf</td>
<td>9</td>
<td>21</td>
<td>5</td>
<td>0.005669</td>
<td>6</td>
</tr>
<tr>
<td>cnf-hom-h-k3-g-k-2.cnf</td>
<td>6</td>
<td>12</td>
<td>1</td>
<td>0.011228</td>
<td>2</td>
</tr>
<tr>
<td>cnf-emb-h-example-g-example.cnf</td>
<td>25</td>
<td>153</td>
<td>11</td>
<td>0.006997</td>
<td>2</td>
</tr>
<tr>
<td>cnf-emb-h-example-g-example.cnf</td>
<td>25</td>
<td>153</td>
<td>11</td>
<td>0.002635</td>
<td>2</td>
</tr>
<tr>
<td>cnf-hom-h-example-g-k-4.cnf</td>
<td>20</td>
<td>47</td>
<td>24</td>
<td>0.00258</td>
<td>542</td>
</tr>
<tr>
<td>cnf-emb-h-square-g-square.cnf</td>
<td>16</td>
<td>68</td>
<td>7</td>
<td>0.004167</td>
<td>8</td>
</tr>
<tr>
<td>cnf-emb-h-square-g-square.cnf</td>
<td>16</td>
<td>68</td>
<td>7</td>
<td>0.004976</td>
<td>8</td>
</tr>
<tr>
<td>cnf-hom-h-square-g-k-4.cnf</td>
<td>16</td>
<td>36</td>
<td>18</td>
<td>0.003341</td>
<td>162</td>
</tr>
<tr>
<td>cnf-emb-h-k3-g-k3.cnf</td>
<td>9</td>
<td>21</td>
<td>5</td>
<td>0.00228</td>
<td>6</td>
</tr>
<tr>
<td>cnf-emb-h-k3-g-k3.cnf</td>
<td>9</td>
<td>21</td>
<td>5</td>
<td>0.003099</td>
<td>6</td>
</tr>
<tr>
<td>cnf-hom-h-k3-g-k-4.cnf</td>
<td>12</td>
<td>27</td>
<td>11</td>
<td>0.004168</td>
<td>46</td>
</tr>
<tr>
<td>cnf-emb-h-example-g-example.cnf</td>
<td>25</td>
<td>153</td>
<td>11</td>
<td>0.004549</td>
<td>2</td>
</tr>
<tr>
<td>cnf-emb-h-example-g-example.cnf</td>
<td>25</td>
<td>153</td>
<td>11</td>
<td>0.002493</td>
<td>2</td>
</tr>
<tr>
<td>cnf-hom-h-example-g-ag2-4.cnf</td>
<td>180</td>
<td>9767</td>
<td>1527</td>
<td>0.016848</td>
<td>6228</td>
</tr>
<tr>
<td>cnf-emb-h-square-g-square.cnf</td>
<td>16</td>
<td>68</td>
<td>7</td>
<td>0.004052</td>
<td>8</td>
</tr>
<tr>
<td>cnf-emb-h-square-g-square.cnf</td>
<td>16</td>
<td>68</td>
<td>7</td>
<td>0.013432</td>
<td>8</td>
</tr>
<tr>
<td>cnf-hom-h-square-g-ag2-4.cnf</td>
<td>144</td>
<td>6932</td>
<td>1308</td>
<td>0.027048</td>
<td>2234</td>
</tr>
<tr>
<td>cnf-emb-h-k3-g-k3.cnf</td>
<td>9</td>
<td>21</td>
<td>5</td>
<td>0.005787</td>
<td>6</td>
</tr>
<tr>
<td>cnf-emb-h-k3-g-k3.cnf</td>
<td>9</td>
<td>21</td>
<td>5</td>
<td>0.002446</td>
<td>6</td>
</tr>
<tr>
<td>cnf-hom-h-k3-g-ag2-4.cnf</td>
<td>108</td>
<td>5199</td>
<td>497</td>
<td>0.008606</td>
<td>510</td>
</tr>
<tr>
<td>cnf-emb-h-example-g-example.cnf</td>
<td>25</td>
<td>153</td>
<td>11</td>
<td>0.002068</td>
<td>2</td>
</tr>
<tr>
<td>cnf-emb-h-example-g-example.cnf</td>
<td>25</td>
<td>153</td>
<td>11</td>
<td>0.004045</td>
<td>2</td>
</tr>
<tr>
<td>cnf-hom-h-example-g-ag2-2.cnf</td>
<td>50</td>
<td>638</td>
<td>183</td>
<td>0.004857</td>
<td>550</td>
</tr>
<tr>
<td>cnf-emb-h-square-g-square.cnf</td>
<td>16</td>
<td>68</td>
<td>7</td>
<td>0.005125</td>
<td>8</td>
</tr>
<tr>
<td>cnf-emb-h-square-g-square.cnf</td>
<td>16</td>
<td>68</td>
<td>7</td>
<td>0.007208</td>
<td>8</td>
</tr>
<tr>
<td>cnf-hom-h-square-g-ag2-2.cnf</td>
<td>40</td>
<td>456</td>
<td>177</td>
<td>0.005554</td>
<td>224</td>
</tr>
<tr>
<td>cnf-emb-h-k3-g-k3.cnf</td>
<td>9</td>
<td>21</td>
<td>5</td>
<td>0.002147</td>
<td>6</td>
</tr>
<tr>
<td>cnf-emb-h-k3-g-k3.cnf</td>
<td>9</td>
<td>21</td>
<td>5</td>
<td>0.002394</td>
<td>6</td>
</tr>
<tr>
<td>cnf-hom-h-k3-g-ag2-2.cnf</td>
<td>30</td>
<td>342</td>
<td>71</td>
<td>0.005414</td>
<td>76</td>
</tr>
<tr>
<td>cnf-emb-h-example-g-example.cnf</td>
<td>25</td>
<td>153</td>
<td>11</td>
<td>0.003001</td>
<td>2</td>
</tr>
<tr>
<td>cnf-emb-h-example-g-example.cnf</td>
<td>25</td>
<td>153</td>
<td>11</td>
<td>0.00373</td>
<td>2</td>
</tr>
<tr>
<td>cnf-hom-h-example-g-ag2-3.cnf</td>
<td>105</td>
<td>3155</td>
<td>711</td>
<td>0.008665</td>
<td>2261</td>
</tr>
<tr>
<td>cnf-emb-h-square-g-square.cnf</td>
<td>16</td>
<td>68</td>
<td>7</td>
<td>0.002205</td>
<td>8</td>
</tr>
<tr>
<td>cnf-emb-h-square-g-square.cnf</td>
<td>16</td>
<td>68</td>
<td>7</td>
<td>0.003869</td>
<td>8</td>
</tr>
<tr>
<td>cnf-hom-h-square-g-ag2-3.cnf</td>
<td>84</td>
<td>2244</td>
<td>577</td>
<td>0.008959</td>
<td>851</td>
</tr>
<tr>
<td>cnf-emb-h-k3-g-k3.cnf</td>
<td>9</td>
<td>21</td>
<td>5</td>
<td>0.001909</td>
<td>6</td>
</tr>
<tr>
<td>cnf-emb-h-k3-g-k3.cnf</td>
<td>9</td>
<td>21</td>
<td>5</td>
<td>0.002723</td>
<td>6</td>
</tr>
<tr>
<td>cnf-hom-h-k3-g-ag2-3.cnf</td>
<td>63</td>
<td>1683</td>
<td>219</td>
<td>0.005766</td>
<td>231</td>
</tr>
<tr>
<td>cnf-emb-h-example-g-example.cnf</td>
<td>25</td>
<td>153</td>
<td>11</td>
<td>0.003418</td>
<td>2</td>
</tr>
<tr>
<td>cnf-emb-h-example-g-example.cnf</td>
<td>25</td>
<td>153</td>
<td>11</td>
<td>0.005172</td>
<td>2</td>
</tr>
<tr>
<td>cnf-hom-h-example-g-paley-9.cnf</td>
<td>45</td>
<td>413</td>
<td>321</td>
<td>0.004268</td>
<td>2059</td>
</tr>
<tr>
<td>cnf-emb-h-square-g-square.cnf</td>
<td>16</td>
<td>68</td>
<td>7</td>
<td>0.004372</td>
<td>8</td>
</tr>
<tr>
<td>cnf-emb-h-square-g-square.cnf</td>
<td>16</td>
<td>68</td>
<td>7</td>
<td>0.012115</td>
<td>8</td>
</tr>
<tr>
<td>cnf-hom-h-square-g-paley-9.cnf</td>
<td>36</td>
<td>300</td>
<td>302</td>
<td>0.005567</td>
<td>615</td>
</tr>
<tr>
<td>cnf-emb-h-k3-g-k3.cnf</td>
<td>9</td>
<td>21</td>
<td>5</td>
<td>0.002477</td>
<td>6</td>
</tr>
<tr>
<td>cnf-emb-h-k3-g-k3.cnf</td>
<td>9</td>
<td>21</td>
<td>5</td>
<td>0.002447</td>
<td>6</td>
</tr>
<tr>
<td>cnf-hom-h-k3-g-paley-9.cnf</td>
<td>27</td>
<td>225</td>
<td>78</td>
<td>0.002926</td>
<td>141</td>
</tr>
<tr>
<td>cnf-emb-h-example-g-example.cnf</td>
<td>25</td>
<td>153</td>
<td>11</td>
<td>0.002726</td>
<td>2</td>
</tr>
<tr>
<td>cnf-emb-h-example-g-example.cnf</td>
<td>25</td>
<td>153</td>
<td>11</td>
<td>0.002303</td>
<td>2</td>
</tr>
<tr>
<td>cnf-hom-h-example-g-paley-13.cnf</td>
<td>65</td>
<td>875</td>
<td>999</td>
<td>0.009082</td>
<td>10607</td>
</tr>
<tr>
<td>cnf-emb-h-square-g-square.cnf</td>
<td>16</td>
<td>68</td>
<td>7</td>
<td>0.002236</td>
<td>8</td>
</tr>
<tr>
<td>cnf-emb-h-square-g-square.cnf</td>
<td>16</td>
<td>68</td>
<td>7</td>
<td>0.005168</td>
<td>8</td>
</tr>
<tr>
<td>cnf-hom-h-square-g-paley-13.cnf</td>
<td>52</td>
<td>636</td>
<td>907</td>
<td>0.012804</td>
<td>2421</td>
</tr>
<tr>
<td>cnf-emb-h-k3-g-k3.cnf</td>
<td>9</td>
<td>21</td>
<td>5</td>
<td>0.002551</td>
<td>6</td>
</tr>
<tr>
<td>cnf-emb-h-k3-g-k3.cnf</td>
<td>9</td>
<td>21</td>
<td>5</td>
<td>0.002393</td>
<td>6</td>
</tr>
<tr>
<td>cnf-hom-h-k3-g-paley-13.cnf</td>
<td>39</td>
<td>477</td>
<td>240</td>
<td>0.004773</td>
<td>385</td>
</tr>
<tr>
<td>cnf-emb-h-example-g-example.cnf</td>
<td>25</td>
<td>153</td>
<td>11</td>
<td>0.006834</td>
<td>2</td>
</tr>
<tr>
<td>cnf-emb-h-example-g-example.cnf</td>
<td>25</td>
<td>153</td>
<td>11</td>
<td>0.002767</td>
<td>2</td>
</tr>
<tr>
<td>cnf-hom-h-example-g-paley-5.cnf</td>
<td>25</td>
<td>127</td>
<td>51</td>
<td>0.002762</td>
<td>167</td>
</tr>
<tr>
<td>cnf-emb-h-square-g-square.cnf</td>
<td>16</td>
<td>68</td>
<td>7</td>
<td>0.003018</td>
<td>8</td>
</tr>
<tr>
<td>cnf-emb-h-square-g-square.cnf</td>
<td>16</td>
<td>68</td>
<td>7</td>
<td>0.004684</td>
<td>8</td>
</tr>
<tr>
<td>cnf-hom-h-square-g-paley-5.cnf</td>
<td>20</td>
<td>92</td>
<td>40</td>
<td>0.003532</td>
<td>73</td>
</tr>
<tr>
<td>cnf-emb-h-k3-g-k3.cnf</td>
<td>9</td>
<td>21</td>
<td>5</td>
<td>0.003603</td>
<td>6</td>
</tr>
<tr>
<td>cnf-emb-h-k3-g-k3.cnf</td>
<td>9</td>
<td>21</td>
<td>5</td>
<td>0.002419</td>
<td>6</td>
</tr>
<tr>
<td>cnf-hom-h-k3-g-paley-5.cnf</td>
<td>15</td>
<td>69</td>
<td>18</td>
<td>0.002749</td>
<td>29</td>
</tr>
<tr>
<td>cnf-emb-h-example-g-example.cnf</td>
<td>25</td>
<td>153</td>
<td>11</td>
<td>0.002763</td>
<td>2</td>
</tr>
<tr>
<td>cnf-emb-h-example-g-example.cnf</td>
<td>25</td>
<td>153</td>
<td>11</td>
<td>0.003398</td>
<td>2</td>
</tr>
<tr>
<td>cnf-hom-h-example-g-k-5.cnf</td>
<td>25</td>
<td>67</td>
<td>29</td>
<td>0.003651</td>
<td>2075</td>
</tr>
<tr>
<td>cnf-emb-h-square-g-square.cnf</td>
<td>16</td>
<td>68</td>
<td>7</td>
<td>0.001915</td>
<td>8</td>
</tr>
<tr>
<td>cnf-emb-h-square-g-square.cnf</td>
<td>16</td>
<td>68</td>
<td>7</td>
<td>0.00255</td>
<td>8</td>
</tr>
<tr>
<td>cnf-hom-h-square-g-k-5.cnf</td>
<td>20</td>
<td>52</td>
<td>22</td>
<td>0.002589</td>
<td>467</td>
</tr>
<tr>
<td>cnf-emb-h-k3-g-k3.cnf</td>
<td>9</td>
<td>21</td>
<td>5</td>
<td>0.002456</td>
<td>6</td>
</tr>
<tr>
<td>cnf-emb-h-k3-g-k3.cnf</td>
<td>9</td>
<td>21</td>
<td>5</td>
<td>0.003289</td>
<td>6</td>
</tr>
<tr>
<td>cnf-hom-h-k3-g-k-5.cnf</td>
<td>15</td>
<td>39</td>
<td>14</td>
<td>0.002871</td>
<td>101</td>
</tr>
<tr>
<td>cnf-emb-h-example-g-example.cnf</td>
<td>25</td>
<td>153</td>
<td>11</td>
<td>0.003759</td>
<td>2</td>
</tr>
<tr>
<td>cnf-emb-h-example-g-example.cnf</td>
<td>25</td>
<td>153</td>
<td>11</td>
<td>0.002649</td>
<td>2</td>
</tr>
<tr>
<td>cnf-hom-h-example-g-k-6.cnf</td>
<td>30</td>
<td>92</td>
<td>34</td>
<td>0.002102</td>
<td>5834</td>
</tr>
<tr>
<td>cnf-emb-h-square-g-square.cnf</td>
<td>16</td>
<td>68</td>
<td>7</td>
<td>0.002669</td>
<td>8</td>
</tr>
<tr>
<td>cnf-emb-h-square-g-square.cnf</td>
<td>16</td>
<td>68</td>
<td>7</td>
<td>0.005757</td>
<td>8</td>
</tr>
<tr>
<td>cnf-hom-h-square-g-k-6.cnf</td>
<td>24</td>
<td>72</td>
<td>26</td>
<td>0.003021</td>
<td>1058</td>
</tr>
<tr>
<td>cnf-emb-h-k3-g-k3.cnf</td>
<td>9</td>
<td>21</td>
<td>5</td>
<td>0.00324</td>
<td>6</td>
</tr>
<tr>
<td>cnf-emb-h-k3-g-k3.cnf</td>
<td>9</td>
<td>21</td>
<td>5</td>
<td>0.003261</td>
<td>6</td>
</tr>
<tr>
<td>cnf-hom-h-k3-g-k-6.cnf</td>
<td>18</td>
<td>54</td>
<td>17</td>
<td>0.002694</td>
<td>186</td>
</tr>
<tr>
<td>cnf-emb-h-example-g-example.cnf</td>
<td>25</td>
<td>153</td>
<td>11</td>
<td>0.004778</td>
<td>2</td>
</tr>
<tr>
<td>cnf-emb-h-example-g-example.cnf</td>
<td>25</td>
<td>153</td>
<td>11</td>
<td>0.003738</td>
<td>2</td>
</tr>
<tr>
<td>cnf-hom-h-example-g-k-3.cnf</td>
<td>15</td>
<td>32</td>
<td>19</td>
<td>0.005717</td>
<td>77</td>
</tr>
<tr>
<td>cnf-emb-h-square-g-square.cnf</td>
<td>16</td>
<td>68</td>
<td>7</td>
<td>0.002076</td>
<td>8</td>
</tr>
<tr>
<td>cnf-emb-h-square-g-square.cnf</td>
<td>16</td>
<td>68</td>
<td>7</td>
<td>0.002532</td>
<td>8</td>
</tr>
<tr>
<td>cnf-hom-h-square-g-k-3.cnf</td>
<td>12</td>
<td>24</td>
<td>14</td>
<td>0.002869</td>
<td>35</td>
</tr>
<tr>
<td>cnf-emb-h-k3-g-k3.cnf</td>
<td>9</td>
<td>21</td>
<td>5</td>
<td>0.003123</td>
<td>6</td>
</tr>
<tr>
<td>cnf-emb-h-k3-g-k3.cnf</td>
<td>9</td>
<td>21</td>
<td>5</td>
<td>0.002568</td>
<td>6</td>
</tr>
<tr>
<td>cnf-hom-h-k3-g-k-3.cnf</td>
<td>9</td>
<td>18</td>
<td>8</td>
<td>0.002633</td>
<td>15</td>
</tr>
<tr>
<td>cnf-emb-h-example-g-example.cnf</td>
<td>25</td>
<td>153</td>
<td>11</td>
<td>0.002766</td>
<td>2</td>
</tr>
<tr>
<td>cnf-emb-h-example-g-example.cnf</td>
<td>25</td>
<td>153</td>
<td>11</td>
<td>0.002654</td>
<td>2</td>
</tr>
<tr>
<td>cnf-hom-h-example-g-k-2.cnf</td>
<td>10</td>
<td>22</td>
<td>1</td>
<td>0.001928</td>
<td>2</td>
</tr>
<tr>
<td>cnf-emb-h-square-g-square.cnf</td>
<td>16</td>
<td>68</td>
<td>7</td>
<td>0.002946</td>
<td>8</td>
</tr>
<tr>
<td>cnf-emb-h-square-g-square.cnf</td>
<td>16</td>
<td>68</td>
<td>7</td>
<td>0.00324</td>
<td>8</td>
</tr>
<tr>
<td>cnf-hom-h-square-g-k-2.cnf</td>
<td>8</td>
<td>16</td>
<td>1</td>
<td>0.005428</td>
<td>2</td>
</tr>
<tr>
<td>cnf-emb-h-k3-g-k3.cnf</td>
<td>9</td>
<td>21</td>
<td>5</td>
<td>0.001976</td>
<td>6</td>
</tr>
<tr>
<td>cnf-emb-h-k3-g-k3.cnf</td>
<td>9</td>
<td>21</td>
<td>5</td>
<td>0.002191</td>
<td>6</td>
</tr>
<tr>
<td>cnf-hom-h-k3-g-k-2.cnf</td>
<td>6</td>
<td>12</td>
<td>1</td>
<td>0.003808</td>
<td>2</td>
</tr>
<tr>
<td>cnf-emb-h-example-g-example.cnf</td>
<td>25</td>
<td>153</td>
<td>11</td>
<td>0.003421</td>
<td>2</td>
</tr>
<tr>
<td>cnf-emb-h-example-g-example.cnf</td>
<td>25</td>
<td>153</td>
<td>11</td>
<td>0.003384</td>
<td>2</td>
</tr>
<tr>
<td>cnf-hom-h-example-g-k-4.cnf</td>
<td>20</td>
<td>47</td>
<td>24</td>
<td>0.004048</td>
<td>542</td>
</tr>
<tr>
<td>cnf-emb-h-square-g-square.cnf</td>
<td>16</td>
<td>68</td>
<td>7</td>
<td>0.002959</td>
<td>8</td>
</tr>
<tr>
<td>cnf-emb-h-square-g-square.cnf</td>
<td>16</td>
<td>68</td>
<td>7</td>
<td>0.003261</td>
<td>8</td>
</tr>
<tr>
<td>cnf-hom-h-square-g-k-4.cnf</td>
<td>16</td>
<td>36</td>
<td>18</td>
<td>0.003366</td>
<td>162</td>
</tr>
<tr>
<td>cnf-emb-h-k3-g-k3.cnf</td>
<td>9</td>
<td>21</td>
<td>5</td>
<td>0.001978</td>
<td>6</td>
</tr>
<tr>
<td>cnf-emb-h-k3-g-k3.cnf</td>
<td>9</td>
<td>21</td>
<td>5</td>
<td>0.003068</td>
<td>6</td>
</tr>
<tr>
<td>cnf-hom-h-k3-g-k-4.cnf</td>
<td>12</td>
<td>27</td>
<td>11</td>
<td>0.002574</td>
<td>46</td>
</tr>
<tr>
<td>cnf-emb-h-example-g-example.cnf</td>
<td>25</td>
<td>153</td>
<td>11</td>
<td>0.002634</td>
<td>2</td>
</tr>
<tr>
<td>cnf-emb-h-example-g-example.cnf</td>
<td>25</td>
<td>153</td>
<td>11</td>
<td>0.002284</td>
<td>2</td>
</tr>
<tr>
<td>cnf-hom-h-example-g-ag2-4.cnf</td>
<td>180</td>
<td>9767</td>
<td>1527</td>
<td>0.018868</td>
<td>6228</td>
</tr>
<tr>
<td>cnf-emb-h-square-g-square.cnf</td>
<td>16</td>
<td>68</td>
<td>7</td>
<td>0.002541</td>
<td>8</td>
</tr>
<tr>
<td>cnf-emb-h-square-g-square.cnf</td>
<td>16</td>
<td>68</td>
<td>7</td>
<td>0.002161</td>
<td>8</td>
</tr>
<tr>
<td>cnf-hom-h-square-g-ag2-4.cnf</td>
<td>144</td>
<td>6932</td>
<td>1308</td>
<td>0.015322</td>
<td>2234</td>
</tr>
<tr>
<td>cnf-emb-h-k3-g-k3.cnf</td>
<td>9</td>
<td>21</td>
<td>5</td>
<td>0.002532</td>
<td>6</td>
</tr>
<tr>
<td>cnf-emb-h-k3-g-k3.cnf</td>
<td>9</td>
<td>21</td>
<td>5</td>
<td>0.001933</td>
<td>6</td>
</tr>
<tr>
<td>cnf-hom-h-k3-g-ag2-4.cnf</td>
<td>108</td>
<td>5199</td>
<td>497</td>
<td>0.007015</td>
<td>510</td>
</tr>
<tr>
<td>cnf-emb-h-example-g-example.cnf</td>
<td>25</td>
<td>153</td>
<td>11</td>
<td>0.002748</td>
<td>2</td>
</tr>
<tr>
<td>cnf-emb-h-example-g-example.cnf</td>
<td>25</td>
<td>153</td>
<td>11</td>
<td>0.004369</td>
<td>2</td>
</tr>
<tr>
<td>cnf-hom-h-example-g-ag2-2.cnf</td>
<td>50</td>
<td>638</td>
<td>183</td>
<td>0.003494</td>
<td>550</td>
</tr>
<tr>
<td>cnf-emb-h-square-g-square.cnf</td>
<td>16</td>
<td>68</td>
<td>7</td>
<td>0.002731</td>
<td>8</td>
</tr>
<tr>
<td>cnf-emb-h-square-g-square.cnf</td>
<td>16</td>
<td>68</td>
<td>7</td>
<td>0.003256</td>
<td>8</td>
</tr>
<tr>
<td>cnf-hom-h-square-g-ag2-2.cnf</td>
<td>40</td>
<td>456</td>
<td>177</td>
<td>0.004803</td>
<td>224</td>
</tr>
<tr>
<td>cnf-emb-h-k3-g-k3.cnf</td>
<td>9</td>
<td>21</td>
<td>5</td>
<td>0.002376</td>
<td>6</td>
</tr>
<tr>
<td>cnf-emb-h-k3-g-k3.cnf</td>
<td>9</td>
<td>21</td>
<td>5</td>
<td>0.002442</td>
<td>6</td>
</tr>
<tr>
<td>cnf-hom-h-k3-g-ag2-2.cnf</td>
<td>30</td>
<td>342</td>
<td>71</td>
<td>0.002961</td>
<td>76</td>
</tr>
<tr>
<td>cnf-emb-h-example-g-example.cnf</td>
<td>25</td>
<td>153</td>
<td>11</td>
<td>0.003377</td>
<td>2</td>
</tr>
<tr>
<td>cnf-emb-h-example-g-example.cnf</td>
<td>25</td>
<td>153</td>
<td>11</td>
<td>0.003706</td>
<td>2</td>
</tr>
<tr>
<td>cnf-hom-h-example-g-ag2-3.cnf</td>
<td>105</td>
<td>3155</td>
<td>711</td>
<td>0.008312</td>
<td>2261</td>
</tr>
<tr>
<td>cnf-emb-h-square-g-square.cnf</td>
<td>16</td>
<td>68</td>
<td>7</td>
<td>0.003492</td>
<td>8</td>
</tr>
<tr>
<td>cnf-emb-h-square-g-square.cnf</td>
<td>16</td>
<td>68</td>
<td>7</td>
<td>0.002546</td>
<td>8</td>
</tr>
<tr>
<td>cnf-hom-h-square-g-ag2-3.cnf</td>
<td>84</td>
<td>2244</td>
<td>577</td>
<td>0.008971</td>
<td>851</td>
</tr>
<tr>
<td>cnf-emb-h-k3-g-k3.cnf</td>
<td>9</td>
<td>21</td>
<td>5</td>
<td>0.002312</td>
<td>6</td>
</tr>
<tr>
<td>cnf-emb-h-k3-g-k3.cnf</td>
<td>9</td>
<td>21</td>
<td>5</td>
<td>0.002369</td>
<td>6</td>
</tr>
<tr>
<td>cnf-hom-h-k3-g-ag2-3.cnf</td>
<td>63</td>
<td>1683</td>
<td>219</td>
<td>0.005509</td>
<td>231</td>
</tr>
<tr>
<td>cnf-emb-h-example-g-example.cnf</td>
<td>25</td>
<td>153</td>
<td>11</td>
<td>0.006321</td>
<td>2</td>
</tr>
<tr>
<td>cnf-emb-h-example-g-example.cnf</td>
<td>25</td>
<td>153</td>
<td>11</td>
<td>0.002171</td>
<td>2</td>
</tr>
<tr>
<td>cnf-hom-h-example-g-paley-9.cnf</td>
<td>45</td>
<td>413</td>
<td>321</td>
<td>0.004042</td>
<td>2059</td>
</tr>
<tr>
<td>cnf-emb-h-square-g-square.cnf</td>
<td>16</td>
<td>68</td>
<td>7</td>
<td>0.001961</td>
<td>8</td>
</tr>
<tr>
<td>cnf-emb-h-square-g-square.cnf</td>
<td>16</td>
<td>68</td>
<td>7</td>
<td>0.002404</td>
<td>8</td>
</tr>
<tr>
<td>cnf-hom-h-square-g-paley-9.cnf</td>
<td>36</td>
<td>300</td>
<td>302</td>
<td>0.002962</td>
<td>615</td>
</tr>
<tr>
<td>cnf-emb-h-k3-g-k3.cnf</td>
<td>9</td>
<td>21</td>
<td>5</td>
<td>0.002647</td>
<td>6</td>
</tr>
<tr>
<td>cnf-emb-h-k3-g-k3.cnf</td>
<td>9</td>
<td>21</td>
<td>5</td>
<td>0.002502</td>
<td>6</td>
</tr>
<tr>
<td>cnf-hom-h-k3-g-paley-9.cnf</td>
<td>27</td>
<td>225</td>
<td>78</td>
<td>0.003858</td>
<td>141</td>
</tr>
<tr>
<td>cnf-emb-h-example-g-example.cnf</td>
<td>25</td>
<td>153</td>
<td>11</td>
<td>0.003416</td>
<td>2</td>
</tr>
<tr>
<td>cnf-emb-h-example-g-example.cnf</td>
<td>25</td>
<td>153</td>
<td>11</td>
<td>0.003335</td>
<td>2</td>
</tr>
<tr>
<td>cnf-hom-h-example-g-paley-13.cnf</td>
<td>65</td>
<td>875</td>
<td>999</td>
<td>0.007733</td>
<td>10607</td>
</tr>
<tr>
<td>cnf-emb-h-square-g-square.cnf</td>
<td>16</td>
<td>68</td>
<td>7</td>
<td>0.002047</td>
<td>8</td>
</tr>
<tr>
<td>cnf-emb-h-square-g-square.cnf</td>
<td>16</td>
<td>68</td>
<td>7</td>
<td>0.002556</td>
<td>8</td>
</tr>
<tr>
<td>cnf-hom-h-square-g-paley-13.cnf</td>
<td>52</td>
<td>636</td>
<td>907</td>
<td>0.007031</td>
<td>2421</td>
</tr>
<tr>
<td>cnf-emb-h-k3-g-k3.cnf</td>
<td>9</td>
<td>21</td>
<td>5</td>
<td>0.003153</td>
<td>6</td>
</tr>
<tr>
<td>cnf-emb-h-k3-g-k3.cnf</td>
<td>9</td>
<td>21</td>
<td>5</td>
<td>0.002831</td>
<td>6</td>
</tr>
<tr>
<td>cnf-hom-h-k3-g-paley-13.cnf</td>
<td>39</td>
<td>477</td>
<td>240</td>
<td>0.004407</td>
<td>385</td>
</tr>
<tr>
<td>cnf-emb-h-example-g-example.cnf</td>
<td>25</td>
<td>153</td>
<td>11</td>
<td>0.002621</td>
<td>2</td>
</tr>
<tr>
<td>cnf-emb-h-example-g-example.cnf</td>
<td>25</td>
<td>153</td>
<td>11</td>
<td>0.002671</td>
<td>2</td>
</tr>
<tr>
<td>cnf-hom-h-example-g-paley-5.cnf</td>
<td>25</td>
<td>127</td>
<td>51</td>
<td>0.004411</td>
<td>167</td>
</tr>
<tr>
<td>cnf-emb-h-square-g-square.cnf</td>
<td>16</td>
<td>68</td>
<td>7</td>
<td>0.002724</td>
<td>8</td>
</tr>
<tr>
<td>cnf-emb-h-square-g-square.cnf</td>
<td>16</td>
<td>68</td>
<td>7</td>
<td>0.002396</td>
<td>8</td>
</tr>
<tr>
<td>cnf-hom-h-square-g-paley-5.cnf</td>
<td>20</td>
<td>92</td>
<td>40</td>
<td>0.007537</td>
<td>73</td>
</tr>
<tr>
<td>cnf-emb-h-k3-g-k3.cnf</td>
<td>9</td>
<td>21</td>
<td>5</td>
<td>0.00252</td>
<td>6</td>
</tr>
<tr>
<td>cnf-emb-h-k3-g-k3.cnf</td>
<td>9</td>
<td>21</td>
<td>5</td>
<td>0.001962</td>
<td>6</td>
</tr>
<tr>
<td>cnf-hom-h-k3-g-paley-5.cnf</td>
<td>15</td>
<td>69</td>
<td>18</td>
<td>0.001971</td>
<td>29</td>
</tr>
<tr>
<td>cnf-emb-h-example-g-example.cnf</td>
<td>25</td>
<td>153</td>
<td>11</td>
<td>0.002755</td>
<td>2</td>
</tr>
<tr>
<td>cnf-emb-h-example-g-example.cnf</td>
<td>25</td>
<td>153</td>
<td>11</td>
<td>0.004173</td>
<td>2</td>
</tr>
<tr>
<td>cnf-hom-h-example-g-k-5.cnf</td>
<td>25</td>
<td>67</td>
<td>29</td>
<td>0.002321</td>
<td>2075</td>
</tr>
<tr>
<td>cnf-emb-h-square-g-square.cnf</td>
<td>16</td>
<td>68</td>
<td>7</td>
<td>0.003061</td>
<td>8</td>
</tr>
<tr>
<td>cnf-emb-h-square-g-square.cnf</td>
<td>16</td>
<td>68</td>
<td>7</td>
<td>0.003616</td>
<td>8</td>
</tr>
<tr>
<td>cnf-hom-h-square-g-k-5.cnf</td>
<td>20</td>
<td>52</td>
<td>22</td>
<td>0.003957</td>
<td>467</td>
</tr>
<tr>
<td>cnf-emb-h-k3-g-k3.cnf</td>
<td>9</td>
<td>21</td>
<td>5</td>
<td>0.002009</td>
<td>6</td>
</tr>
<tr>
<td>cnf-emb-h-k3-g-k3.cnf</td>
<td>9</td>
<td>21</td>
<td>5</td>
<td>0.003072</td>
<td>6</td>
</tr>
<tr>
<td>cnf-hom-h-k3-g-k-5.cnf</td>
<td>15</td>
<td>39</td>
<td>14</td>
<td>0.002912</td>
<td>101</td>
</tr>
<tr>
<td>cnf-emb-h-example-g-example.cnf</td>
<td>25</td>
<td>153</td>
<td>11</td>
<td>0.002116</td>
<td>2</td>
</tr>
<tr>
<td>cnf-emb-h-example-g-example.cnf</td>
<td>25</td>
<td>153</td>
<td>11</td>
<td>0.002622</td>
<td>2</td>
</tr>
<tr>
<td>cnf-hom-h-example-g-k-6.cnf</td>
<td>30</td>
<td>92</td>
<td>34</td>
<td>0.003003</td>
<td>5834</td>
</tr>
<tr>
<td>cnf-emb-h-square-g-square.cnf</td>
<td>16</td>
<td>68</td>
<td>7</td>
<td>0.002611</td>
<td>8</td>
</tr>
<tr>
<td>cnf-emb-h-square-g-square.cnf</td>
<td>16</td>
<td>68</td>
<td>7</td>
<td>0.003482</td>
<td>8</td>
</tr>
<tr>
<td>cnf-hom-h-square-g-k-6.cnf</td>
<td>24</td>
<td>72</td>
<td>26</td>
<td>0.003536</td>
<td>1058</td>
</tr>
<tr>
<td>cnf-emb-h-k3-g-k3.cnf</td>
<td>9</td>
<td>21</td>
<td>5</td>
<td>0.002991</td>
<td>6</td>
</tr>
<tr>
<td>cnf-emb-h-k3-g-k3.cnf</td>
<td>9</td>
<td>21</td>
<td>5</td>
<td>0.004584</td>
<td>6</td>
</tr>
<tr>
<td>cnf-hom-h-k3-g-k-6.cnf</td>
<td>18</td>
<td>54</td>
<td>17</td>
<td>0.003081</td>
<td>186</td>
</tr>
<tr>
<td>cnf-emb-h-example-g-example.cnf</td>
<td>25</td>
<td>153</td>
<td>11</td>
<td>0.003996</td>
<td>2</td>
</tr>
<tr>
<td>cnf-emb-h-example-g-example.cnf</td>
<td>25</td>
<td>153</td>
<td>11</td>
<td>0.002519</td>
<td>2</td>
</tr>
<tr>
<td>cnf-emb-h-example-g-example.cnf</td>
<td>25</td>
<td>153</td>
<td>11</td>
<td>0.002439</td>
<td>2</td>
</tr>
<tr>
<td>cnf-hom-h-example-g-k-5.cnf</td>
<td>25</td>
<td>67</td>
<td>29</td>
<td>0.003961</td>
<td>2075</td>
</tr>
<tr>
<td>cnf-emb-h-square-g-square.cnf</td>
<td>16</td>
<td>68</td>
<td>7</td>
<td>0.002602</td>
<td>8</td>
</tr>
<tr>
<td>cnf-emb-h-square-g-square.cnf</td>
<td>16</td>
<td>68</td>
<td>7</td>
<td>0.002611</td>
<td>8</td>
</tr>
<tr>
<td>cnf-hom-h-square-g-k-5.cnf</td>
<td>20</td>
<td>52</td>
<td>22</td>
<td>0.001958</td>
<td>467</td>
</tr>
<tr>
<td>cnf-emb-h-k3-g-k3.cnf</td>
<td>9</td>
<td>21</td>
<td>5</td>
<td>0.002747</td>
<td>6</td>
</tr>
<tr>
<td>cnf-emb-h-k3-g-k3.cnf</td>
<td>9</td>
<td>21</td>
<td>5</td>
<td>0.002252</td>
<td>6</td>
</tr>
<tr>
<td>cnf-hom-h-k3-g-k-5.cnf</td>
<td>15</td>
<td>39</td>
<td>14</td>
<td>0.002514</td>
<td>101</td>
</tr>
<tr>
<td>cnf-emb-h-example-g-example.cnf</td>
<td>25</td>
<td>153</td>
<td>11</td>
<td>0.002758</td>
<td>2</td>
</tr>
<tr>
<td>cnf-emb-h-example-g-example.cnf</td>
<td>25</td>
<td>153</td>
<td>11</td>
<td>0.003235</td>
<td>2</td>
</tr>
<tr>
<td>cnf-hom-h-example-g-k-6.cnf</td>
<td>30</td>
<td>92</td>
<td>34</td>
<td>0.003152</td>
<td>5834</td>
</tr>
<tr>
<td>cnf-emb-h-square-g-square.cnf</td>
<td>16</td>
<td>68</td>
<td>7</td>
<td>0.002679</td>
<td>8</td>
</tr>
<tr>
<td>cnf-emb-h-square-g-square.cnf</td>
<td>16</td>
<td>68</td>
<td>7</td>
<td>0.002164</td>
<td>8</td>
</tr>
<tr>
<td>cnf-hom-h-square-g-k-6.cnf</td>
<td>24</td>
<td>72</td>
<td>26</td>
<td>0.004508</td>
<td>1058</td>
</tr>
<tr>
<td>cnf-emb-h-k3-g-k3.cnf</td>
<td>9</td>
<td>21</td>
<td>5</td>
<td>0.003455</td>
<td>6</td>
</tr>
<tr>
<td>cnf-emb-h-k3-g-k3.cnf</td>
<td>9</td>
<td>21</td>
<td>5</td>
<td>0.003259</td>
<td>6</td>
</tr>
<tr>
<td>cnf-hom-h-k3-g-k-6.cnf</td>
<td>18</td>
<td>54</td>
<td>17</td>
<td>0.00293</td>
<td>186</td>
</tr>
<tr>
<td>cnf-emb-h-example-g-example.cnf</td>
<td>25</td>
<td>153</td>
<td>11</td>
<td>0.0047</td>
<td>2</td>
</tr>
<tr>
<td>cnf-emb-h-example-g-example.cnf</td>
<td>25</td>
<td>153</td>
<td>11</td>
<td>0.002542</td>
<td>2</td>
</tr>
<tr>
<td>cnf-emb-h-example-g-example.cnf</td>
<td>25</td>
<td>153</td>
<td>11</td>
<td>0.003373</td>
<td>2</td>
</tr>
<tr>
<td>cnf-hom-h-example-g-k-5.cnf</td>
<td>25</td>
<td>67</td>
<td>29</td>
<td>0.003233</td>
<td>2075</td>
</tr>
<tr>
<td>cnf-emb-h-square-g-square.cnf</td>
<td>16</td>
<td>68</td>
<td>7</td>
<td>0.002562</td>
<td>8</td>
</tr>
<tr>
<td>cnf-emb-h-square-g-square.cnf</td>
<td>16</td>
<td>68</td>
<td>7</td>
<td>0.002565</td>
<td>8</td>
</tr>
<tr>
<td>cnf-hom-h-square-g-k-5.cnf</td>
<td>20</td>
<td>52</td>
<td>22</td>
<td>0.003245</td>
<td>467</td>
</tr>
<tr>
<td>cnf-emb-h-k3-g-k3.cnf</td>
<td>9</td>
<td>21</td>
<td>5</td>
<td>0.002014</td>
<td>6</td>
</tr>
<tr>
<td>cnf-emb-h-k3-g-k3.cnf</td>
<td>9</td>
<td>21</td>
<td>5</td>
<td>0.002522</td>
<td>6</td>
</tr>
<tr>
<td>cnf-hom-h-k3-g-k-5.cnf</td>
<td>15</td>
<td>39</td>
<td>14</td>
<td>0.003805</td>
<td>101</td>
</tr>
<tr>
<td>cnf-emb-h-example-g-example.cnf</td>
<td>25</td>
<td>153</td>
<td>11</td>
<td>0.003909</td>
<td>2</td>
</tr>
<tr>
<td>cnf-emb-h-example-g-example.cnf</td>
<td>25</td>
<td>153</td>
<td>11</td>
<td>0.003666</td>
<td>2</td>
</tr>
<tr>
<td>cnf-hom-h-example-g-k-6.cnf</td>
<td>30</td>
<td>92</td>
<td>34</td>
<td>0.003634</td>
<td>5834</td>
</tr>
<tr>
<td>cnf-emb-h-square-g-square.cnf</td>
<td>16</td>
<td>68</td>
<td>7</td>
<td>0.002557</td>
<td>8</td>
</tr>
<tr>
<td>cnf-emb-h-square-g-square.cnf</td>
<td>16</td>
<td>68</td>
<td>7</td>
<td>0.002588</td>
<td>8</td>
</tr>
<tr>
<td>cnf-hom-h-square-g-k-6.cnf</td>
<td>24</td>
<td>72</td>
<td>26</td>
<td>0.002781</td>
<td>1058</td>
</tr>
<tr>
<td>cnf-emb-h-k3-g-k3.cnf</td>
<td>9</td>
<td>21</td>
<td>5</td>
<td>0.001904</td>
<td>6</td>
</tr>
<tr>
<td>cnf-emb-h-k3-g-k3.cnf</td>
<td>9</td>
<td>21</td>
<td>5</td>
<td>0.002471</td>
<td>6</td>
</tr>
<tr>
<td>cnf-hom-h-k3-g-k-6.cnf</td>
<td>18</td>
<td>54</td>
<td>17</td>
<td>0.002084</td>
<td>186</td>
</tr>
<tr>
<td>cnf-emb-h-example-g-example.cnf</td>
<td>25</td>
<td>153</td>
<td>11</td>
<td>0.002009</td>
<td>2</td>
</tr>
<tr>
<td>cnf-emb-h-example-g-example.cnf</td>
<td>25</td>
<td>153</td>
<td>11</td>
<td>0.002766</td>
<td>2</td>
</tr>
<tr>
<td>cnf-hom-h-example-g-k-3.cnf</td>
<td>15</td>
<td>32</td>
<td>19</td>
<td>0.004849</td>
<td>77</td>
</tr>
<tr>
<td>cnf-emb-h-square-g-square.cnf</td>
<td>16</td>
<td>68</td>
<td>7</td>
<td>0.002523</td>
<td>8</td>
</tr>
<tr>
<td>cnf-emb-h-square-g-square.cnf</td>
<td>16</td>
<td>68</td>
<td>7</td>
<td>0.003741</td>
<td>8</td>
</tr>
<tr>
<td>cnf-hom-h-square-g-k-3.cnf</td>
<td>12</td>
<td>24</td>
<td>14</td>
<td>0.002597</td>
<td>35</td>
</tr>
<tr>
<td>cnf-emb-h-k3-g-k3.cnf</td>
<td>9</td>
<td>21</td>
<td>5</td>
<td>0.002509</td>
<td>6</td>
</tr>
<tr>
<td>cnf-emb-h-k3-g-k3.cnf</td>
<td>9</td>
<td>21</td>
<td>5</td>
<td>0.002416</td>
<td>6</td>
</tr>
<tr>
<td>cnf-hom-h-k3-g-k-3.cnf</td>
<td>9</td>
<td>18</td>
<td>8</td>
<td>0.002516</td>
<td>15</td>
</tr>
<tr>
<td>cnf-emb-h-example-g-example.cnf</td>
<td>25</td>
<td>153</td>
<td>11</td>
<td>0.002825</td>
<td>2</td>
</tr>
<tr>
<td>cnf-emb-h-example-g-example.cnf</td>
<td>25</td>
<td>153</td>
<td>11</td>
<td>0.002906</td>
<td>2</td>
</tr>
<tr>
<td>cnf-hom-h-example-g-k-2.cnf</td>
<td>10</td>
<td>22</td>
<td>1</td>
<td>0.002367</td>
<td>2</td>
</tr>
<tr>
<td>cnf-emb-h-square-g-square.cnf</td>
<td>16</td>
<td>68</td>
<td>7</td>
<td>0.002792</td>
<td>8</td>
</tr>
<tr>
<td>cnf-emb-h-square-g-square.cnf</td>
<td>16</td>
<td>68</td>
<td>7</td>
<td>0.002913</td>
<td>8</td>
</tr>
<tr>
<td>cnf-hom-h-square-g-k-2.cnf</td>
<td>8</td>
<td>16</td>
<td>1</td>
<td>0.003528</td>
<td>2</td>
</tr>
<tr>
<td>cnf-emb-h-k3-g-k3.cnf</td>
<td>9</td>
<td>21</td>
<td>5</td>
<td>0.002128</td>
<td>6</td>
</tr>
<tr>
<td>cnf-emb-h-k3-g-k3.cnf</td>
<td>9</td>
<td>21</td>
<td>5</td>
<td>0.003303</td>
<td>6</td>
</tr>
<tr>
<td>cnf-hom-h-k3-g-k-2.cnf</td>
<td>6</td>
<td>12</td>
<td>1</td>
<td>0.002423</td>
<td>2</td>
</tr>
<tr>
<td>cnf-emb-h-example-g-example.cnf</td>
<td>25</td>
<td>153</td>
<td>11</td>
<td>0.002674</td>
<td>2</td>
</tr>
<tr>
<td>cnf-emb-h-example-g-example.cnf</td>
<td>25</td>
<td>153</td>
<td>11</td>
<td>0.004812</td>
<td>2</td>
</tr>
<tr>
<td>cnf-hom-h-example-g-k-4.cnf</td>
<td>20</td>
<td>47</td>
<td>24</td>
<td>0.002555</td>
<td>542</td>
</tr>
<tr>
<td>cnf-emb-h-square-g-square.cnf</td>
<td>16</td>
<td>68</td>
<td>7</td>
<td>0.002609</td>
<td>8</td>
</tr>
<tr>
<td>cnf-emb-h-square-g-square.cnf</td>
<td>16</td>
<td>68</td>
<td>7</td>
<td>0.002065</td>
<td>8</td>
</tr>
<tr>
<td>cnf-hom-h-square-g-k-4.cnf</td>
<td>16</td>
<td>36</td>
<td>18</td>
<td>0.003184</td>
<td>162</td>
</tr>
<tr>
<td>cnf-emb-h-k3-g-k3.cnf</td>
<td>9</td>
<td>21</td>
<td>5</td>
<td>0.001885</td>
<td>6</td>
</tr>
<tr>
<td>cnf-emb-h-k3-g-k3.cnf</td>
<td>9</td>
<td>21</td>
<td>5</td>
<td>0.002425</td>
<td>6</td>
</tr>
<tr>
<td>cnf-hom-h-k3-g-k-4.cnf</td>
<td>12</td>
<td>27</td>
<td>11</td>
<td>0.003289</td>
<td>46</td>
</tr>
<tr>
<td>cnf-emb-h-example-g-example.cnf</td>
<td>25</td>
<td>153</td>
<td>11</td>
<td>0.013162</td>
<td>2</td>
</tr>
<tr>
<td>cnf-emb-h-example-g-example.cnf</td>
<td>25</td>
<td>153</td>
<td>11</td>
<td>0.002278</td>
<td>2</td>
</tr>
<tr>
<td>cnf-hom-h-example-g-ag2-4.cnf</td>
<td>180</td>
<td>9767</td>
<td>1527</td>
<td>0.022415</td>
<td>6228</td>
</tr>
<tr>
<td>cnf-emb-h-square-g-square.cnf</td>
<td>16</td>
<td>68</td>
<td>7</td>
<td>0.002672</td>
<td>8</td>
</tr>
<tr>
<td>cnf-emb-h-square-g-square.cnf</td>
<td>16</td>
<td>68</td>
<td>7</td>
<td>0.002508</td>
<td>8</td>
</tr>
<tr>
<td>cnf-hom-h-square-g-ag2-4.cnf</td>
<td>144</td>
<td>6932</td>
<td>1308</td>
<td>0.020462</td>
<td>2234</td>
</tr>
<tr>
<td>cnf-emb-h-k3-g-k3.cnf</td>
<td>9</td>
<td>21</td>
<td>5</td>
<td>0.002462</td>
<td>6</td>
</tr>
<tr>
<td>cnf-emb-h-k3-g-k3.cnf</td>
<td>9</td>
<td>21</td>
<td>5</td>
<td>0.001957</td>
<td>6</td>
</tr>
<tr>
<td>cnf-hom-h-k3-g-ag2-4.cnf</td>
<td>108</td>
<td>5199</td>
<td>497</td>
<td>0.010174</td>
<td>510</td>
</tr>
<tr>
<td>cnf-emb-h-example-g-example.cnf</td>
<td>25</td>
<td>153</td>
<td>11</td>
<td>0.002648</td>
<td>2</td>
</tr>
<tr>
<td>cnf-emb-h-example-g-example.cnf</td>
<td>25</td>
<td>153</td>
<td>11</td>
<td>0.00224</td>
<td>2</td>
</tr>
<tr>
<td>cnf-hom-h-example-g-ag2-2.cnf</td>
<td>50</td>
<td>638</td>
<td>183</td>
<td>0.00279</td>
<td>550</td>
</tr>
<tr>
<td>cnf-emb-h-square-g-square.cnf</td>
<td>16</td>
<td>68</td>
<td>7</td>
<td>0.002749</td>
<td>8</td>
</tr>
<tr>
<td>cnf-emb-h-square-g-square.cnf</td>
<td>16</td>
<td>68</td>
<td>7</td>
<td>0.001983</td>
<td>8</td>
</tr>
<tr>
<td>cnf-hom-h-square-g-ag2-2.cnf</td>
<td>40</td>
<td>456</td>
<td>177</td>
<td>0.005502</td>
<td>224</td>
</tr>
<tr>
<td>cnf-emb-h-k3-g-k3.cnf</td>
<td>9</td>
<td>21</td>
<td>5</td>
<td>0.002612</td>
<td>6</td>
</tr>
<tr>
<td>cnf-emb-h-k3-g-k3.cnf</td>
<td>9</td>
<td>21</td>
<td>5</td>
<td>0.002385</td>
<td>6</td>
</tr>
<tr>
<td>cnf-hom-h-k3-g-ag2-2.cnf</td>
<td>30</td>
<td>342</td>
<td>71</td>
<td>0.003297</td>
<td>76</td>
</tr>
<tr>
<td>cnf-emb-h-example-g-example.cnf</td>
<td>25</td>
<td>153</td>
<td>11</td>
<td>0.002539</td>
<td>2</td>
</tr>
<tr>
<td>cnf-emb-h-example-g-example.cnf</td>
<td>25</td>
<td>153</td>
<td>11</td>
<td>0.002567</td>
<td>2</td>
</tr>
<tr>
<td>cnf-hom-h-example-g-ag2-3.cnf</td>
<td>105</td>
<td>3155</td>
<td>711</td>
<td>0.006616</td>
<td>2261</td>
</tr>
<tr>
<td>cnf-emb-h-square-g-square.cnf</td>
<td>16</td>
<td>68</td>
<td>7</td>
<td>0.003194</td>
<td>8</td>
</tr>
<tr>
<td>cnf-emb-h-square-g-square.cnf</td>
<td>16</td>
<td>68</td>
<td>7</td>
<td>0.002251</td>
<td>8</td>
</tr>
<tr>
<td>cnf-hom-h-square-g-ag2-3.cnf</td>
<td>84</td>
<td>2244</td>
<td>577</td>
<td>0.01055</td>
<td>851</td>
</tr>
<tr>
<td>cnf-emb-h-k3-g-k3.cnf</td>
<td>9</td>
<td>21</td>
<td>5</td>
<td>0.002415</td>
<td>6</td>
</tr>
<tr>
<td>cnf-emb-h-k3-g-k3.cnf</td>
<td>9</td>
<td>21</td>
<td>5</td>
<td>0.002515</td>
<td>6</td>
</tr>
<tr>
<td>cnf-hom-h-k3-g-ag2-3.cnf</td>
<td>63</td>
<td>1683</td>
<td>219</td>
<td>0.006273</td>
<td>231</td>
</tr>
<tr>
<td>cnf-emb-h-example-g-example.cnf</td>
<td>25</td>
<td>153</td>
<td>11</td>
<td>0.002559</td>
<td>2</td>
</tr>
<tr>
<td>cnf-emb-h-example-g-example.cnf</td>
<td>25</td>
<td>153</td>
<td>11</td>
<td>0.00321</td>
<td>2</td>
</tr>
<tr>
<td>cnf-hom-h-example-g-paley-9.cnf</td>
<td>45</td>
<td>413</td>
<td>321</td>
<td>0.003103</td>
<td>2059</td>
</tr>
<tr>
<td>cnf-emb-h-square-g-square.cnf</td>
<td>16</td>
<td>68</td>
<td>7</td>
<td>0.006461</td>
<td>8</td>
</tr>
<tr>
<td>cnf-emb-h-square-g-square.cnf</td>
<td>16</td>
<td>68</td>
<td>7</td>
<td>0.002419</td>
<td>8</td>
</tr>
<tr>
<td>cnf-hom-h-square-g-paley-9.cnf</td>
<td>36</td>
<td>300</td>
<td>302</td>
<td>0.003864</td>
<td>615</td>
</tr>
<tr>
<td>cnf-emb-h-k3-g-k3.cnf</td>
<td>9</td>
<td>21</td>
<td>5</td>
<td>0.002118</td>
<td>6</td>
</tr>
<tr>
<td>cnf-emb-h-k3-g-k3.cnf</td>
<td>9</td>
<td>21</td>
<td>5</td>
<td>0.002473</td>
<td>6</td>
</tr>
<tr>
<td>cnf-hom-h-k3-g-paley-9.cnf</td>
<td>27</td>
<td>225</td>
<td>78</td>
<td>0.003903</td>
<td>141</td>
</tr>
<tr>
<td>cnf-emb-h-example-g-example.cnf</td>
<td>25</td>
<td>153</td>
<td>11</td>
<td>0.002725</td>
<td>2</td>
</tr>
<tr>
<td>cnf-emb-h-example-g-example.cnf</td>
<td>25</td>
<td>153</td>
<td>11</td>
<td>0.003575</td>
<td>2</td>
</tr>
<tr>
<td>cnf-hom-h-example-g-paley-13.cnf</td>
<td>65</td>
<td>875</td>
<td>999</td>
<td>0.007739</td>
<td>10607</td>
</tr>
<tr>
<td>cnf-emb-h-square-g-square.cnf</td>
<td>16</td>
<td>68</td>
<td>7</td>
<td>0.001953</td>
<td>8</td>
</tr>
<tr>
<td>cnf-emb-h-square-g-square.cnf</td>
<td>16</td>
<td>68</td>
<td>7</td>
<td>0.002977</td>
<td>8</td>
</tr>
<tr>
<td>cnf-hom-h-square-g-paley-13.cnf</td>
<td>52</td>
<td>636</td>
<td>907</td>
<td>0.008032</td>
<td>2421</td>
</tr>
<tr>
<td>cnf-emb-h-k3-g-k3.cnf</td>
<td>9</td>
<td>21</td>
<td>5</td>
<td>0.002448</td>
<td>6</td>
</tr>
<tr>
<td>cnf-emb-h-k3-g-k3.cnf</td>
<td>9</td>
<td>21</td>
<td>5</td>
<td>0.002508</td>
<td>6</td>
</tr>
<tr>
<td>cnf-hom-h-k3-g-paley-13.cnf</td>
<td>39</td>
<td>477</td>
<td>240</td>
<td>0.005074</td>
<td>385</td>
</tr>
<tr>
<td>cnf-emb-h-example-g-example.cnf</td>
<td>25</td>
<td>153</td>
<td>11</td>
<td>0.002136</td>
<td>2</td>
</tr>
<tr>
<td>cnf-emb-h-example-g-example.cnf</td>
<td>25</td>
<td>153</td>
<td>11</td>
<td>0.002587</td>
<td>2</td>
</tr>
<tr>
<td>cnf-hom-h-example-g-paley-5.cnf</td>
<td>25</td>
<td>127</td>
<td>51</td>
<td>0.002345</td>
<td>167</td>
</tr>
<tr>
<td>cnf-emb-h-square-g-square.cnf</td>
<td>16</td>
<td>68</td>
<td>7</td>
<td>0.003436</td>
<td>8</td>
</tr>
<tr>
<td>cnf-emb-h-square-g-square.cnf</td>
<td>16</td>
<td>68</td>
<td>7</td>
<td>0.007139</td>
<td>8</td>
</tr>
<tr>
<td>cnf-hom-h-square-g-paley-5.cnf</td>
<td>20</td>
<td>92</td>
<td>40</td>
<td>0.002672</td>
<td>73</td>
</tr>
<tr>
<td>cnf-emb-h-k3-g-k3.cnf</td>
<td>9</td>
<td>21</td>
<td>5</td>
<td>0.002828</td>
<td>6</td>
</tr>
<tr>
<td>cnf-emb-h-k3-g-k3.cnf</td>
<td>9</td>
<td>21</td>
<td>5</td>
<td>0.002532</td>
<td>6</td>
</tr>
<tr>
<td>cnf-hom-h-k3-g-paley-5.cnf</td>
<td>15</td>
<td>69</td>
<td>18</td>
<td>0.00262</td>
<td>29</td>
</tr>
<tr>
<td>cnf-emb-h-example-g-example.cnf</td>
<td>25</td>
<td>153</td>
<td>11</td>
<td>0.002166</td>
<td>2</td>
</tr>
<tr>
<td>cnf-emb-h-example-g-example.cnf</td>
<td>25</td>
<td>153</td>
<td>11</td>
<td>0.002519</td>
<td>2</td>
</tr>
<tr>
<td>cnf-hom-h-example-g-k-5.cnf</td>
<td>25</td>
<td>67</td>
<td>29</td>
<td>0.002647</td>
<td>2075</td>
</tr>
<tr>
<td>cnf-emb-h-square-g-square.cnf</td>
<td>16</td>
<td>68</td>
<td>7</td>
<td>0.001959</td>
<td>8</td>
</tr>
<tr>
<td>cnf-emb-h-square-g-square.cnf</td>
<td>16</td>
<td>68</td>
<td>7</td>
<td>0.001943</td>
<td>8</td>
</tr>
<tr>
<td>cnf-hom-h-square-g-k-5.cnf</td>
<td>20</td>
<td>52</td>
<td>22</td>
<td>0.002149</td>
<td>467</td>
</tr>
<tr>
<td>cnf-emb-h-k3-g-k3.cnf</td>
<td>9</td>
<td>21</td>
<td>5</td>
<td>0.002569</td>
<td>6</td>
</tr>
<tr>
<td>cnf-emb-h-k3-g-k3.cnf</td>
<td>9</td>
<td>21</td>
<td>5</td>
<td>0.002716</td>
<td>6</td>
</tr>
<tr>
<td>cnf-hom-h-k3-g-k-5.cnf</td>
<td>15</td>
<td>39</td>
<td>14</td>
<td>0.002744</td>
<td>101</td>
</tr>
<tr>
<td>cnf-emb-h-example-g-example.cnf</td>
<td>25</td>
<td>153</td>
<td>11</td>
<td>0.003435</td>
<td>2</td>
</tr>
<tr>
<td>cnf-emb-h-example-g-example.cnf</td>
<td>25</td>
<td>153</td>
<td>11</td>
<td>0.002641</td>
<td>2</td>
</tr>
<tr>
<td>cnf-hom-h-example-g-k-6.cnf</td>
<td>30</td>
<td>92</td>
<td>34</td>
<td>0.002583</td>
<td>5834</td>
</tr>
<tr>
<td>cnf-emb-h-square-g-square.cnf</td>
<td>16</td>
<td>68</td>
<td>7</td>
<td>0.002281</td>
<td>8</td>
</tr>
<tr>
<td>cnf-emb-h-square-g-square.cnf</td>
<td>16</td>
<td>68</td>
<td>7</td>
<td>0.00256</td>
<td>8</td>
</tr>
<tr>
<td>cnf-hom-h-square-g-k-6.cnf</td>
<td>24</td>
<td>72</td>
<td>26</td>
<td>0.002647</td>
<td>1058</td>
</tr>
<tr>
<td>cnf-emb-h-k3-g-k3.cnf</td>
<td>9</td>
<td>21</td>
<td>5</td>
<td>0.004369</td>
<td>6</td>
</tr>
<tr>
<td>cnf-emb-h-k3-g-k3.cnf</td>
<td>9</td>
<td>21</td>
<td>5</td>
<td>0.004258</td>
<td>6</td>
</tr>
<tr>
<td>cnf-hom-h-k3-g-k-6.cnf</td>
<td>18</td>
<td>54</td>
<td>17</td>
<td>0.00237</td>
<td>186</td>
</tr>
<tr>
<td>cnf-emb-h-example-g-example.cnf</td>
<td>25</td>
<td>153</td>
<td>11</td>
<td>0.004598</td>
<td>2</td>
</tr>
<tr>
<td>cnf-emb-h-example-g-example.cnf</td>
<td>25</td>
<td>153</td>
<td>11</td>
<td>0.002096</td>
<td>2</td>
</tr>
<tr>
<td>cnf-hom-h-example-g-k-3.cnf</td>
<td>15</td>
<td>32</td>
<td>19</td>
<td>0.002522</td>
<td>77</td>
</tr>
<tr>
<td>cnf-emb-h-square-g-square.cnf</td>
<td>16</td>
<td>68</td>
<td>7</td>
<td>0.003498</td>
<td>8</td>
</tr>
<tr>
<td>cnf-emb-h-square-g-square.cnf</td>
<td>16</td>
<td>68</td>
<td>7</td>
<td>0.002467</td>
<td>8</td>
</tr>
<tr>
<td>cnf-hom-h-square-g-k-3.cnf</td>
<td>12</td>
<td>24</td>
<td>14</td>
<td>0.002032</td>
<td>35</td>
</tr>
<tr>
<td>cnf-emb-h-k3-g-k3.cnf</td>
<td>9</td>
<td>21</td>
<td>5</td>
<td>0.002909</td>
<td>6</td>
</tr>
<tr>
<td>cnf-emb-h-k3-g-k3.cnf</td>
<td>9</td>
<td>21</td>
<td>5</td>
<td>0.002495</td>
<td>6</td>
</tr>
<tr>
<td>cnf-hom-h-k3-g-k-3.cnf</td>
<td>9</td>
<td>18</td>
<td>8</td>
<td>0.002813</td>
<td>15</td>
</tr>
<tr>
<td>cnf-emb-h-example-g-example.cnf</td>
<td>25</td>
<td>153</td>
<td>11</td>
<td>0.002245</td>
<td>2</td>
</tr>
<tr>
<td>cnf-emb-h-example-g-example.cnf</td>
<td>25</td>
<td>153</td>
<td>11</td>
<td>0.002553</td>
<td>2</td>
</tr>
<tr>
<td>cnf-hom-h-example-g-k-2.cnf</td>
<td>10</td>
<td>22</td>
<td>1</td>
<td>0.002303</td>
<td>2</td>
</tr>
<tr>
<td>cnf-emb-h-square-g-square.cnf</td>
<td>16</td>
<td>68</td>
<td>7</td>
<td>0.002328</td>
<td>8</td>
</tr>
<tr>
<td>cnf-emb-h-square-g-square.cnf</td>
<td>16</td>
<td>68</td>
<td>7</td>
<td>0.002336</td>
<td>8</td>
</tr>
<tr>
<td>cnf-hom-h-square-g-k-2.cnf</td>
<td>8</td>
<td>16</td>
<td>1</td>
<td>0.00222</td>
<td>2</td>
</tr>
<tr>
<td>cnf-emb-h-k3-g-k3.cnf</td>
<td>9</td>
<td>21</td>
<td>5</td>
<td>0.002312</td>
<td>6</td>
</tr>
<tr>
<td>cnf-emb-h-k3-g-k3.cnf</td>
<td>9</td>
<td>21</td>
<td>5</td>
<td>0.002449</td>
<td>6</td>
</tr>
<tr>
<td>cnf-hom-h-k3-g-k-2.cnf</td>
<td>6</td>
<td>12</td>
<td>1</td>
<td>0.002425</td>
<td>2</td>
</tr>
<tr>
<td>cnf-emb-h-example-g-example.cnf</td>
<td>25</td>
<td>153</td>
<td>11</td>
<td>0.002122</td>
<td>2</td>
</tr>
<tr>
<td>cnf-emb-h-example-g-example.cnf</td>
<td>25</td>
<td>153</td>
<td>11</td>
<td>0.00224</td>
<td>2</td>
</tr>
<tr>
<td>cnf-hom-h-example-g-k-4.cnf</td>
<td>20</td>
<td>47</td>
<td>24</td>
<td>0.00205</td>
<td>542</td>
</tr>
<tr>
<td>cnf-emb-h-square-g-square.cnf</td>
<td>16</td>
<td>68</td>
<td>7</td>
<td>0.002281</td>
<td>8</td>
</tr>
<tr>
<td>cnf-emb-h-square-g-square.cnf</td>
<td>16</td>
<td>68</td>
<td>7</td>
<td>0.002414</td>
<td>8</td>
</tr>
<tr>
<td>cnf-hom-h-square-g-k-4.cnf</td>
<td>16</td>
<td>36</td>
<td>18</td>
<td>0.002368</td>
<td>162</td>
</tr>
<tr>
<td>cnf-emb-h-k3-g-k3.cnf</td>
<td>9</td>
<td>21</td>
<td>5</td>
<td>0.00192</td>
<td>6</td>
</tr>
<tr>
<td>cnf-emb-h-k3-g-k3.cnf</td>
<td>9</td>
<td>21</td>
<td>5</td>
<td>0.001922</td>
<td>6</td>
</tr>
<tr>
<td>cnf-hom-h-k3-g-k-4.cnf</td>
<td>12</td>
<td>27</td>
<td>11</td>
<td>0.002195</td>
<td>46</td>
</tr>
<tr>
<td>cnf-emb-h-example-g-example.cnf</td>
<td>25</td>
<td>153</td>
<td>11</td>
<td>0.002542</td>
<td>2</td>
</tr>
<tr>
<td>cnf-emb-h-example-g-example.cnf</td>
<td>25</td>
<td>153</td>
<td>11</td>
<td>0.002094</td>
<td>2</td>
</tr>
<tr>
<td>cnf-hom-h-example-g-ag2-4.cnf</td>
<td>180</td>
<td>9767</td>
<td>1527</td>
<td>0.014263</td>
<td>6228</td>
</tr>
<tr>
<td>cnf-emb-h-square-g-square.cnf</td>
<td>16</td>
<td>68</td>
<td>7</td>
<td>0.00222</td>
<td>8</td>
</tr>
<tr>
<td>cnf-emb-h-square-g-square.cnf</td>
<td>16</td>
<td>68</td>
<td>7</td>
<td>0.002031</td>
<td>8</td>
</tr>
<tr>
<td>cnf-hom-h-square-g-ag2-4.cnf</td>
<td>144</td>
<td>6932</td>
<td>1308</td>
<td>0.01189</td>
<td>2234</td>
</tr>
<tr>
<td>cnf-emb-h-k3-g-k3.cnf</td>
<td>9</td>
<td>21</td>
<td>5</td>
<td>0.002035</td>
<td>6</td>
</tr>
<tr>
<td>cnf-emb-h-k3-g-k3.cnf</td>
<td>9</td>
<td>21</td>
<td>5</td>
<td>0.002532</td>
<td>6</td>
</tr>
<tr>
<td>cnf-hom-h-k3-g-ag2-4.cnf</td>
<td>108</td>
<td>5199</td>
<td>497</td>
<td>0.01015</td>
<td>510</td>
</tr>
<tr>
<td>cnf-emb-h-example-g-example.cnf</td>
<td>25</td>
<td>153</td>
<td>11</td>
<td>0.00262</td>
<td>2</td>
</tr>
<tr>
<td>cnf-emb-h-example-g-example.cnf</td>
<td>25</td>
<td>153</td>
<td>11</td>
<td>0.002117</td>
<td>2</td>
</tr>
<tr>
<td>cnf-hom-h-example-g-ag2-2.cnf</td>
<td>50</td>
<td>638</td>
<td>183</td>
<td>0.003724</td>
<td>550</td>
</tr>
<tr>
<td>cnf-emb-h-square-g-square.cnf</td>
<td>16</td>
<td>68</td>
<td>7</td>
<td>0.002565</td>
<td>8</td>
</tr>
<tr>
<td>cnf-emb-h-square-g-square.cnf</td>
<td>16</td>
<td>68</td>
<td>7</td>
<td>0.002117</td>
<td>8</td>
</tr>
<tr>
<td>cnf-hom-h-square-g-ag2-2.cnf</td>
<td>40</td>
<td>456</td>
<td>177</td>
<td>0.002667</td>
<td>224</td>
</tr>
<tr>
<td>cnf-emb-h-k3-g-k3.cnf</td>
<td>9</td>
<td>21</td>
<td>5</td>
<td>0.002403</td>
<td>6</td>
</tr>
<tr>
<td>cnf-emb-h-k3-g-k3.cnf</td>
<td>9</td>
<td>21</td>
<td>5</td>
<td>0.002401</td>
<td>6</td>
</tr>
<tr>
<td>cnf-hom-h-k3-g-ag2-2.cnf</td>
<td>30</td>
<td>342</td>
<td>71</td>
<td>0.003081</td>
<td>76</td>
</tr>
<tr>
<td>cnf-emb-h-example-g-example.cnf</td>
<td>25</td>
<td>153</td>
<td>11</td>
<td>0.002591</td>
<td>2</td>
</tr>
<tr>
<td>cnf-emb-h-example-g-example.cnf</td>
<td>25</td>
<td>153</td>
<td>11</td>
<td>0.001972</td>
<td>2</td>
</tr>
<tr>
<td>cnf-hom-h-example-g-ag2-3.cnf</td>
<td>105</td>
<td>3155</td>
<td>711</td>
<td>0.006199</td>
<td>2261</td>
</tr>
<tr>
<td>cnf-emb-h-square-g-square.cnf</td>
<td>16</td>
<td>68</td>
<td>7</td>
<td>0.00246</td>
<td>8</td>
</tr>
<tr>
<td>cnf-emb-h-square-g-square.cnf</td>
<td>16</td>
<td>68</td>
<td>7</td>
<td>0.00233</td>
<td>8</td>
</tr>
<tr>
<td>cnf-hom-h-square-g-ag2-3.cnf</td>
<td>84</td>
<td>2244</td>
<td>577</td>
<td>0.007767</td>
<td>851</td>
</tr>
<tr>
<td>cnf-emb-h-k3-g-k3.cnf</td>
<td>9</td>
<td>21</td>
<td>5</td>
<td>0.001949</td>
<td>6</td>
</tr>
<tr>
<td>cnf-emb-h-k3-g-k3.cnf</td>
<td>9</td>
<td>21</td>
<td>5</td>
<td>0.002158</td>
<td>6</td>
</tr>
<tr>
<td>cnf-hom-h-k3-g-ag2-3.cnf</td>
<td>63</td>
<td>1683</td>
<td>219</td>
<td>0.005612</td>
<td>231</td>
</tr>
<tr>
<td>cnf-emb-h-example-g-example.cnf</td>
<td>25</td>
<td>153</td>
<td>11</td>
<td>0.002592</td>
<td>2</td>
</tr>
<tr>
<td>cnf-emb-h-example-g-example.cnf</td>
<td>25</td>
<td>153</td>
<td>11</td>
<td>0.002551</td>
<td>2</td>
</tr>
<tr>
<td>cnf-hom-h-example-g-paley-9.cnf</td>
<td>45</td>
<td>413</td>
<td>321</td>
<td>0.004</td>
<td>2059</td>
</tr>
<tr>
<td>cnf-emb-h-square-g-square.cnf</td>
<td>16</td>
<td>68</td>
<td>7</td>
<td>0.002663</td>
<td>8</td>
</tr>
<tr>
<td>cnf-emb-h-square-g-square.cnf</td>
<td>16</td>
<td>68</td>
<td>7</td>
<td>0.002344</td>
<td>8</td>
</tr>
<tr>
<td>cnf-hom-h-square-g-paley-9.cnf</td>
<td>36</td>
<td>300</td>
<td>302</td>
<td>0.004241</td>
<td>615</td>
</tr>
<tr>
<td>cnf-emb-h-k3-g-k3.cnf</td>
<td>9</td>
<td>21</td>
<td>5</td>
<td>0.001927</td>
<td>6</td>
</tr>
<tr>
<td>cnf-emb-h-k3-g-k3.cnf</td>
<td>9</td>
<td>21</td>
<td>5</td>
<td>0.002413</td>
<td>6</td>
</tr>
<tr>
<td>cnf-hom-h-k3-g-paley-9.cnf</td>
<td>27</td>
<td>225</td>
<td>78</td>
<td>0.002916</td>
<td>141</td>
</tr>
<tr>
<td>cnf-emb-h-example-g-example.cnf</td>
<td>25</td>
<td>153</td>
<td>11</td>
<td>0.002339</td>
<td>2</td>
</tr>
<tr>
<td>cnf-emb-h-example-g-example.cnf</td>
<td>25</td>
<td>153</td>
<td>11</td>
<td>0.002033</td>
<td>2</td>
</tr>
<tr>
<td>cnf-hom-h-example-g-paley-13.cnf</td>
<td>65</td>
<td>875</td>
<td>999</td>
<td>0.007794</td>
<td>10607</td>
</tr>
<tr>
<td>cnf-emb-h-square-g-square.cnf</td>
<td>16</td>
<td>68</td>
<td>7</td>
<td>0.002471</td>
<td>8</td>
</tr>
<tr>
<td>cnf-emb-h-square-g-square.cnf</td>
<td>16</td>
<td>68</td>
<td>7</td>
<td>0.002495</td>
<td>8</td>
</tr>
<tr>
<td>cnf-hom-h-square-g-paley-13.cnf</td>
<td>52</td>
<td>636</td>
<td>907</td>
<td>0.005135</td>
<td>2421</td>
</tr>
<tr>
<td>cnf-emb-h-k3-g-k3.cnf</td>
<td>9</td>
<td>21</td>
<td>5</td>
<td>0.002301</td>
<td>6</td>
</tr>
<tr>
<td>cnf-emb-h-k3-g-k3.cnf</td>
<td>9</td>
<td>21</td>
<td>5</td>
<td>0.002385</td>
<td>6</td>
</tr>
<tr>
<td>cnf-hom-h-k3-g-paley-13.cnf</td>
<td>39</td>
<td>477</td>
<td>240</td>
<td>0.003697</td>
<td>385</td>
</tr>
<tr>
<td>cnf-emb-h-example-g-example.cnf</td>
<td>25</td>
<td>153</td>
<td>11</td>
<td>0.002076</td>
<td>2</td>
</tr>
<tr>
<td>cnf-emb-h-example-g-example.cnf</td>
<td>25</td>
<td>153</td>
<td>11</td>
<td>0.002582</td>
<td>2</td>
</tr>
<tr>
<td>cnf-hom-h-example-g-paley-5.cnf</td>
<td>25</td>
<td>127</td>
<td>51</td>
<td>0.002753</td>
<td>167</td>
</tr>
<tr>
<td>cnf-emb-h-square-g-square.cnf</td>
<td>16</td>
<td>68</td>
<td>7</td>
<td>0.002207</td>
<td>8</td>
</tr>
<tr>
<td>cnf-emb-h-square-g-square.cnf</td>
<td>16</td>
<td>68</td>
<td>7</td>
<td>0.002025</td>
<td>8</td>
</tr>
<tr>
<td>cnf-hom-h-square-g-paley-5.cnf</td>
<td>20</td>
<td>92</td>
<td>40</td>
<td>0.002229</td>
<td>73</td>
</tr>
<tr>
<td>cnf-emb-h-k3-g-k3.cnf</td>
<td>9</td>
<td>21</td>
<td>5</td>
<td>0.002016</td>
<td>6</td>
</tr>
<tr>
<td>cnf-emb-h-k3-g-k3.cnf</td>
<td>9</td>
<td>21</td>
<td>5</td>
<td>0.00245</td>
<td>6</td>
</tr>
<tr>
<td>cnf-hom-h-k3-g-paley-5.cnf</td>
<td>15</td>
<td>69</td>
<td>18</td>
<td>0.002121</td>
<td>29</td>
</tr>
